2022-04-14 12:23:54 [main] INFO  com.logging.Main - Starting Main using Java 1.8.0_202 on admins-MacBook-Pro-25.local with PID 2255 (/Users/vasanth/IdeaProjects/Logging_practice/target/classes started by vasanth in /Users/vasanth/IdeaProjects/Logging_practice)
2022-04-14 12:23:54 [main] DEBUG com.logging.Main - Running with Spring Boot v2.4.0, Spring v5.3.1
2022-04-14 12:23:54 [main] INFO  com.logging.Main - No active profile set, falling back to default profiles: default
2022-04-14 12:23:56 [main] INFO  o.s.d.r.c.RepositoryConfigurationDelegate - Bootstrapping Spring Data JPA repositories in DEFERRED mode.
2022-04-14 12:23:56 [main] INFO  o.s.d.r.c.RepositoryConfigurationDelegate - Finished Spring Data repository scanning in 19 ms. Found 0 JPA repository interfaces.
2022-04-14 12:23:57 [main] INFO  o.s.b.w.e.tomcat.TomcatWebServer - Tomcat initialized with port(s): 8080 (http)
2022-04-14 12:23:57 [main] INFO  o.a.catalina.core.StandardService - Starting service [Tomcat]
2022-04-14 12:23:57 [main] INFO  o.a.catalina.core.StandardEngine - Starting Servlet engine: [Apache Tomcat/9.0.39]
2022-04-14 12:23:57 [main] INFO  o.a.c.c.C.[Tomcat].[localhost].[/] - Initializing Spring embedded WebApplicationContext
2022-04-14 12:23:57 [main] INFO  o.s.b.w.s.c.ServletWebServerApplicationContext - Root WebApplicationContext: initialization completed in 2753 ms
2022-04-14 12:23:58 [main] INFO  o.s.s.c.ThreadPoolTaskExecutor - Initializing ExecutorService 'applicationTaskExecutor'
2022-04-14 12:23:58 [main] INFO  com.zaxxer.hikari.HikariDataSource - HikariPool-1 - Starting...
2022-04-14 12:23:58 [main] INFO  com.zaxxer.hikari.HikariDataSource - HikariPool-1 - Start completed.
2022-04-14 12:23:58 [task-1] INFO  o.h.jpa.internal.util.LogHelper - HHH000204: Processing PersistenceUnitInfo [name: default]
2022-04-14 12:23:58 [task-1] INFO  org.hibernate.Version - HHH000412: Hibernate ORM core version 5.4.23.Final
2022-04-14 12:23:58 [main] WARN  o.s.b.a.o.j.JpaBaseConfiguration$JpaWebConfiguration - spring.jpa.open-in-view is enabled by default. Therefore, database queries may be performed during view rendering. Explicitly configure spring.jpa.open-in-view to disable this warning
2022-04-14 12:23:58 [task-1] INFO  o.h.annotations.common.Version - HCANN000001: Hibernate Commons Annotations {5.1.2.Final}
2022-04-14 12:23:59 [task-1] INFO  org.hibernate.dialect.Dialect - HHH000400: Using dialect: org.hibernate.dialect.H2Dialect
2022-04-14 12:23:59 [task-1] INFO  o.h.e.t.j.p.i.JtaPlatformInitiator - HHH000490: Using JtaPlatform implementation: [org.hibernate.engine.transaction.jta.platform.internal.NoJtaPlatform]
2022-04-14 12:23:59 [task-1] INFO  o.s.o.j.LocalContainerEntityManagerFactoryBean - Initialized JPA EntityManagerFactory for persistence unit 'default'
2022-04-14 12:24:00 [main] INFO  o.s.b.w.e.tomcat.TomcatWebServer - Tomcat started on port(s): 8080 (http) with context path ''
2022-04-14 12:24:00 [main] INFO  o.s.d.r.c.DeferredRepositoryInitializationListener - Triggering deferred initialization of Spring Data repositories…
2022-04-14 12:24:00 [main] INFO  o.s.d.r.c.DeferredRepositoryInitializationListener - Spring Data repositories initialized!
2022-04-14 12:24:00 [main] INFO  com.logging.Main - Started Main in 6.404 seconds (JVM running for 7.501)
2022-04-14 12:24:05 [http-nio-8080-exec-1] INFO  o.a.c.c.C.[Tomcat].[localhost].[/] - Initializing Spring DispatcherServlet 'dispatcherServlet'
2022-04-14 12:24:05 [http-nio-8080-exec-1] DEBUG c.l.controller.LoggingTestController - Hello displayed
2022-04-14 12:24:35 [http-nio-8080-exec-3] DEBUG c.l.controller.LoggingTestController - Hello displayed
2022-04-14 12:24:45 [http-nio-8080-exec-4] DEBUG c.l.controller.LoggingTestController - Hello displayed
2022-04-14 12:24:46 [http-nio-8080-exec-5] DEBUG c.l.controller.LoggingTestController - Hello displayed
2022-04-14 12:24:47 [http-nio-8080-exec-6] DEBUG c.l.controller.LoggingTestController - Hello displayed
2022-04-14 12:24:47 [http-nio-8080-exec-7] DEBUG c.l.controller.LoggingTestController - Hello displayed
2022-04-14 12:24:48 [http-nio-8080-exec-8] DEBUG c.l.controller.LoggingTestController - Hello displayed
2022-04-14 12:25:10 [SpringContextShutdownHook] INFO  o.s.o.j.LocalContainerEntityManagerFactoryBean - Closing JPA EntityManagerFactory for persistence unit 'default'
2022-04-14 12:25:10 [SpringContextShutdownHook] INFO  o.h.t.s.i.SchemaDropperImpl$DelayedDropActionImpl - HHH000477: Starting delayed evictData of schema as part of SessionFactory shut-down'
2022-04-14 12:25:10 [SpringContextShutdownHook] INFO  o.s.s.c.ThreadPoolTaskExecutor - Shutting down ExecutorService 'applicationTaskExecutor'
2022-04-14 12:25:10 [SpringContextShutdownHook] INFO  com.zaxxer.hikari.HikariDataSource - HikariPool-1 - Shutdown initiated...
2022-04-14 12:25:10 [SpringContextShutdownHook] INFO  com.zaxxer.hikari.HikariDataSource - HikariPool-1 - Shutdown completed.
2022-04-14 12:29:08 [main] INFO  com.logging.Main - Starting Main using Java 1.8.0_202 on admins-MacBook-Pro-25.local with PID 2368 (/Users/vasanth/IdeaProjects/Logging_practice/target/classes started by vasanth in /Users/vasanth/IdeaProjects/Logging_practice)
2022-04-14 12:29:08 [main] DEBUG com.logging.Main - Running with Spring Boot v2.4.0, Spring v5.3.1
2022-04-14 12:29:08 [main] INFO  com.logging.Main - No active profile set, falling back to default profiles: default
2022-04-14 12:29:13 [main] INFO  com.logging.Main - Started Main in 5.607 seconds (JVM running for 6.384)
2022-04-14 12:29:23 [http-nio-8080-exec-2] DEBUG c.l.controller.LoggingTestController - Hello displayed
2022-04-14 12:29:29 [http-nio-8080-exec-3] DEBUG c.l.controller.LoggingTestController - Hello displayed
2022-04-14 12:29:57 [http-nio-8080-exec-4] DEBUG c.l.controller.LoggingTestController - Hello displayed
2022-04-14 16:21:02 [main] INFO  com.logging.Main - Starting Main using Java 1.8.0_202 on admins-MacBook-Pro-25.local with PID 4204 (/Users/vasanth/IdeaProjects/Logging_practice/target/classes started by vasanth in /Users/vasanth/IdeaProjects/Logging_practice)
2022-04-14 16:21:02 [main] DEBUG com.logging.Main - Running with Spring Boot v2.4.0, Spring v5.3.1
2022-04-14 16:21:02 [main] INFO  com.logging.Main - No active profile set, falling back to default profiles: default
2022-04-14 16:21:07 [main] INFO  com.logging.Main - Started Main in 6.057 seconds (JVM running for 6.904)
2022-04-14 16:21:10 [http-nio-8080-exec-2] DEBUG c.l.controller.LoggingTestController - Hello displayed
2022-04-14 16:22:37 [main] INFO  com.logging.Main - Starting Main using Java 1.8.0_202 on admins-MacBook-Pro-25.local with PID 4237 (/Users/vasanth/IdeaProjects/Logging_practice/target/classes started by vasanth in /Users/vasanth/IdeaProjects/Logging_practice)
2022-04-14 16:22:37 [main] DEBUG com.logging.Main - Running with Spring Boot v2.4.0, Spring v5.3.1
2022-04-14 16:22:37 [main] INFO  com.logging.Main - No active profile set, falling back to default profiles: default
2022-04-14 16:22:42 [main] INFO  com.logging.Main - Started Main in 5.646 seconds (JVM running for 6.445)
2022-04-14 16:22:45 [http-nio-8080-exec-2] DEBUG c.l.controller.LoggingTestController - Hello displayed
2022-04-14 16:23:14 [http-nio-8080-exec-3] DEBUG c.l.controller.LoggingTestController - Hello displayed
2022-04-14 16:23:17 [http-nio-8080-exec-4] DEBUG c.l.controller.LoggingTestController - Hello displayed
2022-04-14 16:23:18 [http-nio-8080-exec-5] DEBUG c.l.controller.LoggingTestController - Hello displayed
2022-04-14 16:23:18 [http-nio-8080-exec-6] DEBUG c.l.controller.LoggingTestController - Hello displayed
2022-04-14 16:23:46 [main] INFO  Main - Starting Main using Java 1.8.0_202 on admins-MacBook-Pro-25.local with PID 4274 (/Users/vasanth/IdeaProjects/Logging_practice/target/classes started by vasanth in /Users/vasanth/IdeaProjects/Logging_practice)
2022-04-14 16:23:46 [main] DEBUG Main - Running with Spring Boot v2.4.0, Spring v5.3.1
2022-04-14 16:23:46 [main] INFO  Main - No active profile set, falling back to default profiles: default
2022-04-14 16:23:50 [main] INFO  Main - Started Main in 5.572 seconds (JVM running for 6.348)
2022-04-14 16:23:53 [http-nio-8080-exec-1] DEBUG LoggingTestController - Hello displayed
2022-04-14 16:24:11 [main] INFO  c.l.Main - Starting Main using Java 1.8.0_202 on admins-MacBook-Pro-25.local with PID 4280 (/Users/vasanth/IdeaProjects/Logging_practice/target/classes started by vasanth in /Users/vasanth/IdeaProjects/Logging_practice)
2022-04-14 16:24:11 [main] DEBUG c.l.Main - Running with Spring Boot v2.4.0, Spring v5.3.1
2022-04-14 16:24:11 [main] INFO  c.l.Main - No active profile set, falling back to default profiles: default
2022-04-14 16:24:16 [main] INFO  c.l.Main - Started Main in 5.585 seconds (JVM running for 6.387)
2022-04-14 16:26:25 [http-nio-8080-exec-3] DEBUG c.l.c.LoggingTestController - Hello displayed
2022-04-14 16:27:44 [main] INFO  c.l.Main - Starting Main using Java 1.8.0_202 on admins-MacBook-Pro-25.local with PID 4355 (/Users/vasanth/IdeaProjects/Logging_practice/target/classes started by vasanth in /Users/vasanth/IdeaProjects/Logging_practice)
2022-04-14 16:27:44 [main] DEBUG c.l.Main - Running with Spring Boot v2.4.0, Spring v5.3.1
2022-04-14 16:27:44 [main] INFO  c.l.Main - No active profile set, falling back to default profiles: default
2022-04-14 16:27:49 [main] INFO  c.l.Main - Started Main in 5.562 seconds (JVM running for 6.324)
2022-04-14 16:27:51 [http-nio-8080-exec-1] DEBUG c.l.c.LoggingTestController - Hello displayed
2022-04-14 16:29:15 [http-nio-8080-exec-4] DEBUG c.l.c.LoggingTestController - Hello displayed
2022-04-14 16:30:29 [main] INFO  com.logging.Main - Starting Main using Java 1.8.0_202 on admins-MacBook-Pro-25.local with PID 4417 (/Users/vasanth/IdeaProjects/Logging_practice/target/classes started by vasanth in /Users/vasanth/IdeaProjects/Logging_practice)
2022-04-14 16:30:29 [main] DEBUG com.logging.Main - Running with Spring Boot v2.4.0, Spring v5.3.1
2022-04-14 16:30:29 [main] INFO  com.logging.Main - No active profile set, falling back to default profiles: default
2022-04-14 16:30:34 [main] INFO  com.logging.Main - Started Main in 5.724 seconds (JVM running for 6.488)
2022-04-14 16:30:38 [http-nio-8080-exec-1] DEBUG com.logging.controller.LoggingTestController - Hello displayed
2022-04-14 16:30:58 [main] INFO  com.logging.Main - Starting Main using Java 1.8.0_202 on admins-MacBook-Pro-25.local with PID 4427 (/Users/vasanth/IdeaProjects/Logging_practice/target/classes started by vasanth in /Users/vasanth/IdeaProjects/Logging_practice)
2022-04-14 16:30:58 [main] DEBUG com.logging.Main - Running with Spring Boot v2.4.0, Spring v5.3.1
2022-04-14 16:30:58 [main] INFO  com.logging.Main - No active profile set, falling back to default profiles: default
2022-04-14 16:31:03 [main] INFO  com.logging.Main - Started Main in 5.87 seconds (JVM running for 6.653)
2022-04-14 16:31:11 [http-nio-8080-exec-1] DEBUG com.logging.controller.LoggingTestController - Hello displayed
2022-04-14 16:31:32 [main] INFO  com.logging.Main - Starting Main using Java 1.8.0_202 on admins-MacBook-Pro-25.local with PID 4442 (/Users/vasanth/IdeaProjects/Logging_practice/target/classes started by vasanth in /Users/vasanth/IdeaProjects/Logging_practice)
2022-04-14 16:31:32 [main] DEBUG com.logging.Main - Running with Spring Boot v2.4.0, Spring v5.3.1
2022-04-14 16:31:32 [main] INFO  com.logging.Main - No active profile set, falling back to default profiles: default
2022-04-14 16:31:37 [main] INFO  com.logging.Main - Started Main in 5.523 seconds (JVM running for 6.291)
2022-04-14 16:31:40 [http-nio-8080-exec-2] DEBUG com.logging.controller.LoggingTestController - Hello displayed
2022-04-14 16:32:02 [main] INFO  com.logging.Main - Starting Main using Java 1.8.0_202 on admins-MacBook-Pro-25.local with PID 4448 (/Users/vasanth/IdeaProjects/Logging_practice/target/classes started by vasanth in /Users/vasanth/IdeaProjects/Logging_practice)
2022-04-14 16:32:02 [main] DEBUG com.logging.Main - Running with Spring Boot v2.4.0, Spring v5.3.1
2022-04-14 16:32:02 [main] INFO  com.logging.Main - No active profile set, falling back to default profiles: default
2022-04-14 16:32:07 [main] INFO  com.logging.Main - Started Main in 5.687 seconds (JVM running for 6.452)
2022-04-14 16:32:07 [http-nio-8080-exec-1] DEBUG com.logging.controller.LoggingTestController - Hello displayed
2022-04-14 16:33:11 [main] INFO  com.logging.Main : 55 - Starting Main using Java 1.8.0_202 on admins-MacBook-Pro-25.local with PID 4477 (/Users/vasanth/IdeaProjects/Logging_practice/target/classes started by vasanth in /Users/vasanth/IdeaProjects/Logging_practice)
2022-04-14 16:33:11 [main] DEBUG com.logging.Main : 56 - Running with Spring Boot v2.4.0, Spring v5.3.1
2022-04-14 16:33:11 [main] INFO  com.logging.Main : 660 - No active profile set, falling back to default profiles: default
2022-04-14 16:33:15 [main] INFO  com.logging.Main : 61 - Started Main in 5.616 seconds (JVM running for 6.399)
2022-04-14 16:33:27 [http-nio-8080-exec-1] DEBUG com.logging.controller.LoggingTestController : 16 - Hello displayed
